<?xml version="1.0" encoding="UTF-8" ?>
<testsuite errors="0" failures="0" hostname="hoichamTO" name="dal.TableDAOTest" skipped="0" tests="12" time="1.701" timestamp="2025-03-11T07:36:04">
  <properties>
[...]
</properties>
  <testcase classname="dal.TableDAOTest" name="testCheckIfTableOccupied_False" time="0.871" />
  <testcase classname="dal.TableDAOTest" name="testDeleteTable_Success" time="0.021" />
  <testcase classname="dal.TableDAOTest" name="testUpdateTable" time="0.017" />
  <testcase classname="dal.TableDAOTest" name="testGetAllTable" time="0.017" />
  <testcase classname="dal.TableDAOTest" name="testInsertTable" time="0.015" />
  <testcase classname="dal.TableDAOTest" name="testGetTableStatusById_Success" time="0.016" />
  <testcase classname="dal.TableDAOTest" name="testCheckIfTableOccupied_True" time="0.017" />
  <testcase classname="dal.TableDAOTest" name="testCheckIfTableOccupied_NotFound" time="0.017" />
  <testcase classname="dal.TableDAOTest" name="testSetStatus" time="0.014" />
  <testcase classname="dal.TableDAOTest" name="testFindTableById_Found" time="0.016" />
  <testcase classname="dal.TableDAOTest" name="testGetTableStatusById_NotFound" time="0.014" />
  <testcase classname="dal.TableDAOTest" name="testFindTableById_NotFound" time="0.014" />
  <system-out><![CDATA[Deleted 1 row(s)
]]></system-out>
  <system-err><![CDATA[]]></system-err>
</testsuite>
